SF:lib\tools\formula_solver\logic\formula_parser.dart
DA:40,6
DA:59,6
DA:77,6
DA:78,7
DA:79,7
DA:80,0
DA:81,0
DA:82,1
DA:84,4
DA:86,2
DA:88,4
DA:89,0
DA:90,0
DA:91,0
DA:92,0
DA:93,0
DA:94,1
DA:95,2
DA:98,4
DA:99,3
DA:101,2
DA:104,7
DA:106,10
DA:108,1
DA:110,2
DA:112,4
DA:114,1
DA:118,6
DA:119,7
DA:120,0
DA:121,2
DA:125,6
DA:131,1
DA:132,3
DA:133,5
DA:136,3
DA:137,2
DA:141,2
DA:142,4
DA:143,6
DA:144,2
DA:146,6
DA:147,2
DA:155,1
DA:156,2
DA:157,3
DA:158,1
DA:160,6
DA:161,3
DA:162,3
DA:163,2
DA:164,1
DA:166,2
DA:167,4
DA:169,2
DA:178,1
DA:180,3
DA:181,1
DA:183,1
DA:184,0
DA:186,0
DA:187,0
DA:188,0
DA:194,2
DA:195,6
DA:196,6
DA:199,4
DA:200,0
DA:201,0
DA:202,0
DA:203,0
DA:209,1
DA:210,1
DA:211,1
DA:212,2
DA:214,1
DA:216,1
DA:217,1
DA:218,1
DA:219,2
DA:220,2
DA:221,4
DA:225,1
DA:226,1
DA:227,4
DA:229,1
DA:230,4
DA:232,1
DA:233,4
DA:240,1
DA:243,1
DA:246,3
DA:249,1
DA:250,1
DA:251,1
DA:254,1
DA:258,1
DA:264,1
DA:265,4
DA:267,0
DA:268,2
DA:269,0
DA:273,2
DA:275,0
DA:278,1
DA:280,2
DA:281,1
DA:283,2
DA:286,1
DA:287,1
DA:288,2
DA:290,2
DA:293,1
DA:299,1
DA:304,1
DA:307,1
DA:308,1
DA:310,1
DA:315,1
DA:316,3
DA:317,3
DA:319,1
DA:320,1
DA:323,1
DA:324,3
DA:325,3
DA:328,1
DA:329,1
DA:331,3
DA:332,3
DA:333,1
DA:335,2
DA:336,1
DA:339,1
DA:342,1
DA:344,2
DA:351,1
DA:353,2
DA:354,3
DA:356,1
DA:358,3
DA:359,2
DA:360,0
DA:362,1
DA:365,1
DA:366,1
DA:367,2
DA:368,2
DA:369,1
DA:371,1
DA:372,2
DA:377,3
DA:378,1
DA:382,2
DA:383,1
DA:387,3
DA:392,1
DA:393,1
DA:394,2
DA:398,1
DA:399,1
DA:401,1
DA:402,1
DA:405,1
DA:406,1
DA:409,1
DA:410,2
DA:413,1
DA:417,2
DA:418,1
DA:422,1
DA:425,1
DA:443,1
DA:444,3
DA:445,2
DA:446,4
DA:448,4
DA:451,1
DA:452,1
DA:454,2
DA:455,2
DA:456,4
DA:458,4
DA:463,1
DA:465,1
DA:466,1
DA:467,2
DA:469,2
DA:470,2
DA:473,1
DA:476,3
DA:478,2
DA:479,1
DA:480,3
DA:482,3
DA:488,1
DA:489,1
DA:491,1
DA:492,2
DA:508,1
DA:509,2
DA:510,1
DA:513,2
DA:514,1
DA:515,2
DA:516,3
DA:519,1
DA:521,3
DA:522,3
DA:529,2
DA:530,1
DA:535,2
DA:536,1
DA:537,1
DA:540,1
DA:543,1
DA:544,1
DA:545,2
DA:547,1
DA:556,1
DA:562,2
DA:564,0
DA:566,0
DA:573,2
DA:575,0
DA:577,0
DA:585,1
DA:587,0
DA:589,0
LF:229
LH:203
end_of_record
SF:lib\tools\formula_solver\persistence\model.dart
DA:4,0
DA:12,0
DA:14,0
DA:15,0
DA:16,0
DA:17,0
DA:18,0
DA:21,0
DA:22,0
DA:23,0
DA:25,0
DA:26,0
DA:28,0
DA:29,0
DA:32,0
DA:36,0
DA:37,0
DA:39,0
DA:40,0
DA:43,0
DA:49,0
DA:51,0
DA:60,0
DA:62,0
DA:63,0
DA:64,0
DA:65,0
DA:68,0
DA:73,0
DA:74,0
DA:75,0
DA:76,0
DA:78,0
DA:79,0
DA:80,0
DA:81,0
DA:85,0
DA:87,0
DA:96,0
DA:98,0
DA:100,0
DA:113,1
DA:115,0
DA:116,0
DA:117,0
DA:118,0
DA:119,0
DA:121,1
DA:122,1
DA:123,1
DA:124,1
DA:125,1
DA:129,1
DA:130,1
DA:133,1
DA:139,2
DA:144,1
DA:146,2
LF:58
LH:12
end_of_record
SF:lib\tools\crypto_and_encodings\_common\logic\crypt_alphabet_modification.dart
DA:3,0
DA:5,0
DA:6,0
DA:8,0
DA:9,0
DA:11,0
DA:12,0
DA:14,0
DA:15,0
LF:9
LH:0
end_of_record
SF:lib\tools\crypto_and_encodings\polybios\logic\polybios.dart
DA:12,0
DA:15,0
DA:16,0
DA:18,0
DA:19,0
DA:21,0
DA:24,0
DA:27,0
DA:39,0
DA:41,0
DA:42,0
DA:44,0
DA:45,0
DA:47,0
DA:48,0
DA:55,0
DA:56,0
DA:58,0
DA:59,0
DA:61,0
DA:62,0
DA:64,0
DA:65,0
DA:70,0
DA:71,0
DA:75,0
DA:76,0
DA:77,0
DA:79,0
DA:80,0
DA:81,0
DA:84,0
DA:85,0
DA:86,0
DA:87,0
DA:97,0
DA:99,0
DA:101,0
DA:113,0
DA:114,0
DA:116,0
DA:118,0
DA:119,0
DA:125,0
DA:126,0
DA:129,0
DA:138,0
DA:139,0
DA:141,0
DA:145,0
DA:146,0
DA:148,0
DA:149,0
DA:152,0
DA:154,0
DA:155,0
DA:156,0
DA:158,0
DA:159,0
DA:161,0
DA:164,0
DA:173,0
DA:174,0
DA:176,0
DA:180,0
DA:181,0
DA:183,0
DA:185,0
DA:187,0
DA:192,0
DA:193,0
DA:194,0
DA:196,0
DA:197,0
DA:200,0
DA:203,0
DA:204,0
DA:205,0
DA:206,0
DA:208,0
DA:209,0
DA:210,0
DA:211,0
DA:213,0
LF:84
LH:0
end_of_record
SF:lib\utils\alphabets.dart
DA:4,0
DA:34,0
DA:35,0
DA:115,4
DA:118,6
DA:121,8
DA:123,4
DA:128,1
DA:129,1
DA:130,1
DA:131,1
DA:134,4
DA:139,1
DA:140,1
DA:141,1
DA:142,1
DA:145,4
DA:150,1
DA:151,1
DA:152,1
DA:153,1
DA:156,4
DA:161,1
DA:164,4
DA:169,1
DA:170,1
DA:171,1
DA:172,1
DA:173,1
DA:174,1
DA:175,1
DA:176,1
DA:177,1
DA:178,1
DA:179,1
DA:180,1
DA:181,1
DA:182,1
DA:183,1
DA:184,1
DA:187,4
DA:192,1
DA:193,1
DA:194,1
DA:195,1
DA:196,1
DA:197,1
DA:198,1
DA:199,1
DA:200,1
DA:201,1
DA:202,1
DA:203,1
DA:204,1
DA:205,1
DA:206,1
DA:207,1
DA:210,4
DA:214,1
DA:219,4
DA:222,1
DA:227,4
DA:229,1
DA:231,1
DA:233,1
DA:235,1
DA:237,1
DA:239,1
DA:241,1
DA:243,1
DA:244,1
DA:247,4
DA:248,1
DA:249,1
DA:250,1
DA:251,1
DA:252,1
DA:253,1
DA:254,1
DA:255,1
DA:256,1
DA:257,1
DA:258,1
DA:259,1
DA:260,1
DA:261,1
DA:262,1
DA:263,1
DA:264,1
DA:265,1
DA:266,1
DA:267,1
DA:268,1
DA:269,1
DA:270,1
DA:271,1
DA:308,4
DA:309,1
DA:310,1
DA:311,1
DA:312,1
DA:313,1
DA:314,1
DA:315,1
DA:316,1
DA:317,1
DA:318,1
DA:319,1
DA:320,1
DA:321,1
DA:322,1
DA:323,1
DA:324,1
DA:325,1
DA:326,1
DA:327,1
DA:328,1
DA:329,1
DA:330,1
DA:331,1
DA:332,1
DA:333,1
DA:334,1
DA:335,1
DA:336,1
DA:337,1
DA:338,1
DA:339,1
DA:340,1
DA:341,1
DA:344,3
DA:345,1
DA:346,1
DA:347,1
DA:348,1
DA:349,1
DA:350,1
DA:351,1
DA:352,1
DA:353,1
DA:354,1
DA:355,1
DA:357,1
DA:360,0
DA:388,0
DA:416,0
DA:445,0
DA:480,0
DA:514,0
DA:540,0
DA:574,0
DA:575,0
DA:576,0
DA:577,0
DA:578,0
DA:579,0
DA:580,0
DA:581,0
DA:583,0
LF:159
LH:140
end_of_record
SF:lib\tools\crypto_and_encodings\tap_code\logic\tap_code.dart
DA:8,0
DA:9,0
DA:12,0
DA:13,0
DA:15,0
DA:16,0
DA:17,0
DA:19,0
DA:20,0
DA:21,0
DA:24,0
DA:25,0
DA:26,0
DA:29,0
LF:14
LH:0
end_of_record
SF:lib\utils\string_utils.dart
DA:6,0
DA:7,0
DA:11,0
DA:13,0
DA:15,0
DA:17,0
DA:20,0
DA:21,0
DA:22,0
DA:25,0
DA:29,0
DA:32,0
DA:33,0
DA:34,0
DA:37,0
DA:40,0
DA:47,0
DA:48,0
DA:51,0
DA:52,0
DA:53,0
DA:56,0
DA:57,0
DA:60,0
DA:61,0
DA:63,0
DA:65,0
DA:68,0
DA:69,0
DA:72,0
DA:73,0
DA:77,0
DA:78,0
DA:79,0
DA:83,0
DA:84,0
DA:90,0
DA:91,0
DA:92,0
DA:93,0
DA:95,0
DA:98,0
DA:99,0
DA:102,0
DA:103,0
DA:106,0
DA:107,0
DA:110,0
DA:111,0
DA:113,0
DA:114,0
DA:117,0
DA:118,0
DA:120,0
DA:123,0
DA:124,0
DA:126,0
DA:129,0
DA:130,0
DA:134,0
DA:135,0
DA:138,2
DA:139,2
DA:143,2
DA:151,4
DA:152,6
DA:158,1
DA:159,1
DA:160,2
DA:161,3
DA:163,2
LF:71
LH:10
end_of_record
SF:lib\utils\collection_utils.dart
DA:6,0
DA:7,0
DA:9,0
DA:10,0
DA:12,0
DA:15,0
DA:16,0
DA:18,0
DA:20,0
DA:23,0
DA:24,0
DA:27,1
DA:29,0
DA:31,3
DA:41,0
DA:43,0
DA:44,0
DA:45,0
DA:46,0
DA:47,0
DA:48,0
DA:51,0
DA:52,0
DA:57,0
DA:60,0
DA:61,0
DA:63,0
DA:65,0
DA:66,0
DA:68,0
DA:69,0
DA:72,0
LF:32
LH:2
end_of_record
SF:lib\utils\constants.dart
DA:7,0
DA:9,0
DA:10,0
DA:11,0
DA:17,0
LF:5
LH:0
end_of_record
SF:lib\utils\complex_return_types.dart
DA:5,0
DA:12,0
DA:19,0
DA:26,0
DA:32,0
DA:33,0
DA:40,0
DA:47,0
LF:8
LH:0
end_of_record
SF:lib\tools\crypto_and_encodings\alphabet_values\logic\alphabet_values.dart
DA:12,1
DA:13,2
DA:14,1
DA:24,1
DA:25,3
DA:26,2
DA:27,1
DA:31,1
DA:34,1
DA:35,1
DA:37,1
DA:39,1
DA:41,3
DA:44,4
DA:45,2
DA:46,7
DA:50,2
DA:51,5
DA:54,3
DA:56,1
DA:59,4
DA:60,5
DA:62,1
DA:68,1
DA:69,1
DA:71,3
DA:72,2
DA:75,1
DA:82,0
DA:83,0
DA:86,0
DA:87,0
DA:90,0
DA:91,0
LF:34
LH:28
end_of_record
SF:lib\tools\crypto_and_encodings\substitution\logic\substitution.dart
DA:3,1
DA:4,1
DA:7,1
DA:10,5
DA:12,1
DA:15,1
DA:16,2
DA:17,2
DA:20,4
DA:22,6
DA:26,2
DA:27,1
DA:28,1
DA:30,1
DA:32,5
DA:35,1
DA:40,2
DA:42,2
DA:43,1
DA:44,2
DA:46,6
DA:48,2
DA:54,4
DA:55,2
DA:56,2
DA:57,2
DA:62,2
DA:63,5
LF:28
LH:28
end_of_record
SF:lib\tools\formula_solver\logic\formula_painter.dart
DA:5,8
DA:6,3
DA:8,3
DA:23,1
DA:24,3
DA:25,5
DA:27,6
DA:28,5
DA:29,5
DA:32,1
DA:33,2
DA:37,1
DA:39,4
DA:40,1
DA:41,1
DA:43,1
DA:44,3
DA:45,5
DA:47,1
DA:48,1
DA:49,1
DA:50,1
DA:52,1
DA:53,1
DA:54,1
DA:56,1
DA:58,2
DA:59,6
DA:60,1
DA:61,2
DA:62,1
DA:64,1
DA:65,1
DA:66,2
DA:69,1
DA:70,1
DA:73,1
DA:76,1
DA:78,3
DA:79,1
DA:81,1
DA:82,4
DA:84,1
DA:86,3
DA:87,1
DA:88,4
DA:90,1
DA:93,3
DA:94,2
DA:95,1
DA:96,2
DA:97,1
DA:104,1
DA:106,1
DA:107,2
DA:113,1
DA:114,1
DA:116,1
DA:117,1
DA:123,1
DA:124,1
DA:126,4
DA:127,1
DA:129,1
DA:130,2
DA:132,1
DA:133,1
DA:134,1
DA:136,1
DA:140,1
DA:141,1
DA:143,1
DA:144,2
DA:145,2
DA:146,1
DA:148,1
DA:151,1
DA:152,2
DA:153,1
DA:154,1
DA:156,1
DA:160,1
DA:161,1
DA:163,1
DA:164,1
DA:168,1
DA:169,1
DA:171,2
DA:172,1
DA:176,1
DA:177,1
DA:179,1
DA:180,1
DA:184,1
DA:185,1
DA:187,1
DA:188,1
DA:192,1
DA:193,1
DA:195,1
DA:196,1
DA:200,1
DA:201,1
DA:203,1
DA:204,1
DA:209,1
DA:210,1
DA:212,1
DA:213,1
DA:218,1
DA:219,1
DA:221,1
DA:222,1
DA:227,1
DA:228,1
DA:230,1
DA:231,1
DA:237,1
DA:238,1
DA:240,1
DA:241,1
DA:242,1
DA:247,1
DA:249,3
DA:250,3
DA:251,2
DA:252,2
DA:253,1
DA:254,1
DA:258,2
DA:259,1
DA:260,1
DA:261,2
DA:262,1
DA:268,1
DA:269,1
DA:270,1
DA:272,2
DA:275,1
DA:276,1
DA:277,1
DA:279,2
DA:282,1
DA:283,3
DA:286,1
DA:287,1
DA:288,1
DA:290,4
DA:293,1
DA:294,3
DA:295,4
DA:296,4
DA:298,4
DA:300,4
DA:305,1
DA:306,4
DA:307,1
DA:310,4
DA:311,1
DA:312,2
DA:316,1
DA:317,3
DA:318,1
DA:319,1
DA:320,1
DA:324,1
DA:325,3
DA:326,4
DA:327,4
DA:332,1
DA:333,2
DA:335,1
DA:336,1
DA:340,1
DA:344,1
DA:348,1
DA:352,1
DA:355,1
DA:356,1
DA:357,1
DA:358,1
DA:360,1
DA:361,1
DA:362,1
DA:368,2
DA:369,2
DA:370,2
DA:372,1
DA:373,3
DA:374,1
DA:375,2
DA:376,2
DA:377,2
DA:378,2
DA:380,1
DA:381,2
DA:382,3
DA:383,1
DA:386,1
DA:391,1
DA:393,1
DA:394,1
DA:395,1
DA:402,1
DA:404,1
DA:405,1
DA:406,1
DA:407,1
DA:414,1
DA:416,3
DA:417,3
DA:420,0
DA:426,1
DA:427,1
DA:429,1
DA:432,1
DA:433,2
DA:434,4
DA:435,2
DA:437,2
DA:440,1
DA:441,1
DA:442,1
DA:445,7
DA:448,4
DA:451,1
DA:452,3
DA:453,4
DA:454,4
DA:459,1
DA:460,5
DA:461,4
DA:462,4
DA:467,1
DA:469,3
DA:471,2
DA:477,1
DA:478,5
DA:480,1
DA:482,2
DA:485,1
DA:486,3
DA:489,1
DA:490,1
DA:492,2
DA:495,1
DA:496,1
DA:499,2
DA:500,1
DA:503,1
DA:504,2
DA:505,2
DA:509,1
DA:510,2
DA:511,4
DA:512,1
DA:515,1
DA:516,2
DA:519,1
DA:520,1
DA:521,1
DA:523,3
DA:524,2
DA:530,1
DA:532,2
DA:533,2
DA:534,2
DA:535,2
DA:538,3
DA:541,1
DA:542,2
DA:545,1
DA:546,1
DA:547,1
DA:548,1
DA:553,1
DA:554,2
DA:555,1
DA:558,2
DA:559,2
DA:562,1
DA:563,1
DA:564,1
DA:566,2
DA:569,1
DA:570,2
DA:571,3
DA:574,1
DA:575,7
DA:576,1
DA:578,4
DA:581,1
DA:582,6
DA:586,1
DA:587,4
DA:588,1
DA:590,2
DA:593,1
DA:594,3
DA:597,1
DA:599,3
DA:601,3
DA:605,1
DA:607,3
DA:608,2
DA:609,3
DA:614,1
DA:615,2
DA:616,1
DA:617,1
DA:618,5
DA:622,1
DA:623,1
DA:626,1
DA:628,1
DA:630,3
DA:631,2
DA:632,1
DA:633,1
DA:634,3
DA:635,1
DA:636,1
DA:637,1
DA:638,1
DA:639,1
DA:640,2
DA:641,1
DA:650,1
DA:652,1
DA:655,3
DA:656,2
DA:658,2
DA:659,1
DA:660,1
DA:662,2
DA:663,0
DA:665,3
DA:666,6
DA:669,1
DA:670,3
DA:674,6
DA:679,1
DA:680,2
DA:682,1
DA:685,1
DA:686,3
DA:687,5
DA:690,4
DA:691,2
LF:349
LH:347
end_of_record
SF:lib\tools\science_and_technology\cross_sums\logic\crosstotals.dart
DA:3,1
DA:6,1
DA:11,0
DA:14,0
DA:15,0
DA:21,1
DA:22,1
DA:24,6
DA:27,0
DA:28,0
DA:30,0
DA:33,0
DA:35,0
DA:36,0
DA:37,0
DA:38,0
DA:39,0
DA:40,0
DA:43,1
DA:44,6
DA:47,1
DA:48,3
DA:49,6
DA:52,0
DA:53,0
DA:54,0
DA:57,1
DA:58,5
DA:59,1
DA:64,0
DA:65,0
DA:66,0
DA:71,1
DA:72,1
DA:73,1
DA:76,0
DA:77,0
DA:78,0
DA:81,1
DA:82,1
DA:83,1
DA:86,0
DA:87,0
DA:89,0
DA:90,0
DA:93,0
DA:94,0
DA:96,0
DA:97,0
DA:100,0
DA:101,0
DA:102,0
DA:105,0
DA:106,0
DA:108,0
DA:109,0
DA:112,0
DA:113,0
DA:115,0
DA:116,0
DA:119,0
DA:120,0
DA:121,0
DA:124,0
DA:125,0
DA:126,0
DA:129,0
DA:130,0
DA:132,0
DA:133,0
DA:134,0
DA:135,0
DA:139,0
DA:140,0
DA:142,0
DA:143,0
DA:144,0
DA:145,0
DA:149,0
DA:150,0
DA:152,0
DA:153,0
DA:154,0
DA:155,0
DA:159,0
DA:160,0
DA:161,0
DA:162,0
DA:163,0
DA:167,0
DA:168,0
DA:170,0
DA:172,0
DA:175,0
DA:176,0
DA:177,0
DA:178,0
DA:179,0
DA:183,0
DA:184,0
DA:186,0
DA:188,0
DA:191,0
DA:192,0
DA:194,0
DA:196,0
DA:197,0
DA:198,0
DA:199,0
DA:203,0
DA:204,0
DA:206,0
DA:207,0
DA:208,0
DA:211,0
DA:212,0
DA:214,0
DA:215,0
DA:216,0
DA:219,0
DA:222,0
DA:225,0
DA:228,0
DA:231,0
DA:234,0
DA:237,0
DA:240,0
LF:127
LH:19
end_of_record
SF:lib\utils\math_utils.dart
DA:4,0
DA:5,0
DA:8,1
DA:9,2
DA:12,0
DA:13,0
DA:16,0
DA:17,0
DA:19,0
DA:20,0
DA:23,0
DA:26,0
DA:27,0
DA:30,1
DA:31,1
DA:33,1
DA:34,3
LF:17
LH:6
end_of_record
SF:lib\utils\variable_string_expander.dart
DA:5,2
DA:6,1
DA:15,1
DA:62,1
DA:67,2
DA:87,1
DA:90,1
DA:91,1
DA:93,0
DA:96,2
DA:98,1
DA:100,1
DA:101,2
DA:102,1
DA:103,2
DA:104,2
DA:105,4
DA:109,2
DA:110,2
DA:112,1
DA:113,0
DA:118,4
DA:120,1
DA:121,2
DA:122,2
DA:125,0
DA:126,0
DA:131,1
DA:149,1
DA:150,8
DA:151,2
DA:153,3
DA:154,2
DA:157,7
DA:158,4
DA:167,1
DA:168,1
DA:170,4
DA:171,9
DA:177,1
DA:179,3
DA:182,1
DA:184,1
DA:185,1
DA:186,4
DA:189,4
DA:191,5
DA:193,2
DA:195,1
DA:196,1
DA:197,0
DA:199,2
DA:203,1
DA:204,2
DA:205,6
DA:206,4
DA:208,7
DA:209,4
DA:210,3
DA:211,7
DA:215,7
DA:219,1
DA:220,3
DA:222,3
DA:223,0
DA:224,0
DA:229,3
DA:230,3
DA:231,0
DA:232,0
DA:236,4
DA:237,2
DA:239,1
DA:240,2
DA:242,3
DA:243,2
DA:244,2
DA:249,5
DA:251,1
DA:252,2
DA:257,1
DA:258,2
DA:259,8
DA:261,3
DA:263,3
DA:266,1
DA:268,1
DA:272,0
DA:273,0
DA:275,0
DA:276,0
DA:277,0
DA:279,0
LF:93
LH:78
end_of_record
SF:lib\utils\data_type_utils\object_type_utils.dart
DA:3,0
DA:6,0
DA:9,0
DA:12,0
DA:15,0
DA:18,0
DA:21,0
DA:24,0
DA:27,0
DA:30,0
DA:33,0
DA:36,0
DA:39,0
DA:40,0
DA:42,0
DA:43,0
DA:49,0
DA:50,0
DA:52,0
DA:54,0
DA:55,0
DA:62,0
DA:63,0
DA:70,0
DA:71,0
DA:78,0
DA:79,0
DA:86,0
DA:87,0
DA:90,0
DA:91,0
DA:92,0
DA:98,0
DA:99,0
DA:102,0
DA:103,0
DA:104,0
DA:110,0
DA:111,0
DA:114,0
DA:115,0
DA:116,0
DA:122,0
DA:123,0
DA:126,0
DA:127,0
DA:130,0
DA:131,0
DA:134,0
DA:135,0
LF:50
LH:0
end_of_record
SF:lib\utils\json_utils.dart
DA:3,0
DA:8,0
DA:12,0
DA:19,0
DA:22,0
DA:25,0
DA:26,0
DA:33,0
DA:34,0
DA:35,0
DA:41,0
DA:44,0
LF:12
LH:0
end_of_record
